# JRE version: OpenJDK Runtime Environment (11.0.11+9) (build 11.0.11+9-b60-7590822)
# Java VM: OpenJDK 64-Bit Server VM (11.0.11+9-b60-7590822, mixed mode, tiered, compressed oops, g1 gc, windows-amd64)
Heap:
 garbage-first heap   total 262144K, used 93210K [0x0000000080000000, 0x0000000100000000)
  region size 1024K, 7 young (7168K), 3 survivors (3072K)
 Metaspace       used 125725K, capacity 130635K, committed 132540K, reserved 1163264K
  class space    used 15745K, capacity 17512K, committed 18072K, reserved 1048576K
GC Heap History (20 events):
Event: 8039.323 GC heap before
{Heap before GC invocations=43 (full 0):
 garbage-first heap   total 262144K, used 224649K [0x0000000080000000, 0x0000000100000000)
  region size 1024K, 107 young (109568K), 8 survivors (8192K)
 Metaspace       used 126328K, capacity 131789K, committed 132028K, reserved 1163264K
  class space    used 16010K, capacity 17989K, committed 18072K, reserved 1048576K
}
Event: 8039.350 GC heap after
{Heap after GC invocations=44 (full 0):
 garbage-first heap   total 262144K, used 113026K [0x0000000080000000, 0x0000000100000000)
  region size 1024K, 8 young (8192K), 8 survivors (8192K)
 Metaspace       used 126328K, capacity 131789K, committed 132028K, reserved 1163264K
  class space    used 16010K, capacity 17989K, committed 18072K, reserved 1048576K
}
Event: 8078.507 GC heap before
{Heap before GC invocations=44 (full 0):
 garbage-first heap   total 262144K, used 224642K [0x0000000080000000, 0x0000000100000000)
  region size 1024K, 106 young (108544K), 8 survivors (8192K)
 Metaspace       used 126366K, capacity 131791K, committed 132028K, reserved 1163264K
  class space    used 16010K, capacity 17989K, committed 18072K, reserved 1048576K
}
Event: 8078.517 GC heap after
{Heap after GC invocations=45 (full 0):
 garbage-first heap   total 262144K, used 108875K [0x0000000080000000, 0x0000000100000000)
  region size 1024K, 4 young (4096K), 4 survivors (4096K)
 Metaspace       used 126366K, capacity 131791K, committed 132028K, reserved 1163264K
  class space    used 16010K, capacity 17989K, committed 18072K, reserved 1048576K
}
Event: 9392.926 GC heap before
{Heap before GC invocations=45 (full 0):
 garbage-first heap   total 262144K, used 227659K [0x0000000080000000, 0x0000000100000000)
  region size 1024K, 109 young (111616K), 4 survivors (4096K)
 Metaspace       used 126400K, capacity 131922K, committed 132028K, reserved 1163264K
  class space    used 16010K, capacity 17989K, committed 18072K, reserved 1048576K
}
Event: 9392.935 GC heap after
{Heap after GC invocations=46 (full 0):
 garbage-first heap   total 262144K, used 107334K [0x0000000080000000, 0x0000000100000000)
  region size 1024K, 3 young (3072K), 3 survivors (3072K)
 Metaspace       used 126400K, capacity 131922K, committed 132028K, reserved 1163264K
  class space    used 16010K, capacity 17989K, committed 18072K, reserved 1048576K
}
Event: 10511.004 GC heap before
{Heap before GC invocations=46 (full 0):
 garbage-first heap   total 262144K, used 229190K [0x0000000080000000, 0x0000000100000000)
  region size 1024K, 111 young (113664K), 3 survivors (3072K)
 Metaspace       used 126505K, capacity 131989K, committed 132284K, reserved 1163264K
  class space    used 16010K, capacity 17989K, committed 18072K, reserved 1048576K
}
Event: 10511.008 GC heap after
{Heap after GC invocations=47 (full 0):
 garbage-first heap   total 262144K, used 105689K [0x0000000080000000, 0x0000000100000000)
  region size 1024K, 1 young (1024K), 1 survivors (1024K)
 Metaspace       used 126505K, capacity 131989K, committed 132284K, reserved 1163264K
  class space    used 16010K, capacity 17989K, committed 18072K, reserved 1048576K
}
Event: 14111.017 GC heap before
{Heap before GC invocations=47 (full 0):
 garbage-first heap   total 262144K, used 172249K [0x0000000080000000, 0x0000000100000000)
  region size 1024K, 67 young (68608K), 1 survivors (1024K)
 Metaspace       used 126543K, capacity 132044K, committed 132284K, reserved 1163264K
  class space    used 16019K, capacity 18006K, committed 18072K, reserved 1048576K
}
Event: 14112.009 GC heap after
{Heap after GC invocations=48 (full 1):
 garbage-first heap   total 262144K, used 77984K [0x0000000080000000, 0x0000000100000000)
  region size 1024K, 0 young (0K), 0 survivors (0K)
 Metaspace       used 125455K, capacity 130342K, committed 132284K, reserved 1163264K
  class space    used 15757K, capacity 17515K, committed 18072K, reserved 1048576K
}
Event: 17718.532 GC heap before
{Heap before GC invocations=48 (full 1):
 garbage-first heap   total 262144K, used 215200K [0x0000000080000000, 0x0000000100000000)
  region size 1024K, 136 young (139264K), 0 survivors (0K)
 Metaspace       used 125570K, capacity 130463K, committed 132284K, reserved 1163264K
  class space    used 15776K, capacity 17579K, committed 18072K, reserved 1048576K
}
Event: 17718.906 GC heap after
{Heap after GC invocations=49 (full 2):
 garbage-first heap   total 262144K, used 85109K [0x0000000080000000, 0x0000000100000000)
  region size 1024K, 0 young (0K), 0 survivors (0K)
 Metaspace       used 125196K, capacity 129880K, committed 132284K, reserved 1163264K
  class space    used 15708K, capacity 17450K, committed 18072K, reserved 1048576K
}
Event: 17822.645 GC heap before
{Heap before GC invocations=49 (full 2):
 garbage-first heap   total 262144K, used 230517K [0x0000000080000000, 0x0000000100000000)
  region size 1024K, 131 young (134144K), 0 survivors (0K)
 Metaspace       used 125506K, capacity 130350K, committed 132284K, reserved 1163264K
  class space    used 15738K, capacity 17505K, committed 18072K, reserved 1048576K
}
Event: 17822.664 GC heap after
{Heap after GC invocations=50 (full 2):
 garbage-first heap   total 262144K, used 88546K [0x0000000080000000, 0x0000000100000000)
  region size 1024K, 4 young (4096K), 4 survivors (4096K)
 Metaspace       used 125506K, capacity 130350K, committed 132284K, reserved 1163264K
  class space    used 15738K, capacity 17505K, committed 18072K, reserved 1048576K
}
Event: 17849.957 GC heap before
{Heap before GC invocations=50 (full 2):
 garbage-first heap   total 262144K, used 218594K [0x0000000080000000, 0x0000000100000000)
  region size 1024K, 132 young (135168K), 4 survivors (4096K)
 Metaspace       used 125574K, capacity 130417K, committed 132284K, reserved 1163264K
  class space    used 15739K, capacity 17505K, committed 18072K, reserved 1048576K
}
Event: 17849.999 GC heap after
{Heap after GC invocations=51 (full 2):
 garbage-first heap   total 262144K, used 96373K [0x0000000080000000, 0x0000000100000000)
  region size 1024K, 11 young (11264K), 11 survivors (11264K)
 Metaspace       used 125574K, capacity 130417K, committed 132284K, reserved 1163264K
  class space    used 15739K, capacity 17505K, committed 18072K, reserved 1048576K
}
Event: 19652.178 GC heap before
{Heap before GC invocations=51 (full 2):
 garbage-first heap   total 262144K, used 229493K [0x0000000080000000, 0x0000000100000000)
  region size 1024K, 130 young (133120K), 11 survivors (11264K)
 Metaspace       used 125676K, capacity 130547K, committed 132540K, reserved 1163264K
  class space    used 15740K, capacity 17505K, committed 18072K, reserved 1048576K
}
Event: 19652.406 GC heap after
{Heap after GC invocations=52 (full 2):
 garbage-first heap   total 262144K, used 95829K [0x0000000080000000, 0x0000000100000000)
  region size 1024K, 9 young (9216K), 9 survivors (9216K)
 Metaspace       used 125676K, capacity 130547K, committed 132540K, reserved 1163264K
  class space    used 15740K, capacity 17505K, committed 18072K, reserved 1048576K
}
Event: 20368.128 GC heap before
{Heap before GC invocations=52 (full 2):
 garbage-first heap   total 262144K, used 225877K [0x0000000080000000, 0x0000000100000000)
  region size 1024K, 125 young (128000K), 9 survivors (9216K)
 Metaspace       used 125725K, capacity 130635K, committed 132540K, reserved 1163264K
  class space    used 15745K, capacity 17512K, committed 18072K, reserved 1048576K
}
Event: 20368.235 GC heap after
{Heap after GC invocations=53 (full 2):
 garbage-first heap   total 262144K, used 90138K [0x0000000080000000, 0x0000000100000000)
  region size 1024K, 3 young (3072K), 3 survivors (3072K)
 Metaspace       used 125725K, capacity 130635K, committed 132540K, reserved 1163264K
  class space    used 15745K, capacity 17512K, committed 18072K, reserved 1048576K
}

